This is pdfTeX, Version 3.14159265-2.6-1.40.18 (TeX Live 2017/Debian) (preloaded format=pdflatex 2019.8.30)  24 JAN 2020 17:24
entering extended mode
 restricted \write18 enabled.
 %&-line parsing enabled.
**exemple_rapport.tex
(./exemple_rapport.tex
LaTeX2e <2017-04-15>
Babel <3.18> and hyphenation patterns for 84 language(s) loaded.
(/usr/share/texlive/texmf-dist/tex/latex/base/article.cls
Document Class: article 2014/09/29 v1.4h Standard LaTeX document class
(/usr/share/texlive/texmf-dist/tex/latex/base/size10.clo
File: size10.clo 2014/09/29 v1.4h Standard LaTeX file (size option)
)
\c@part=\count79
\c@section=\count80
\c@subsection=\count81
\c@subsubsection=\count82
\c@paragraph=\count83
\c@subparagraph=\count84
\c@figure=\count85
\c@table=\count86
\abovecaptionskip=\skip41
\belowcaptionskip=\skip42
\bibindent=\dimen102
)
(/usr/share/texlive/texmf-dist/tex/latex/base/fontenc.sty
Package: fontenc 2017/04/05 v2.0i Standard LaTeX package

(/usr/share/texlive/texmf-dist/tex/latex/base/t1enc.def
File: t1enc.def 2017/04/05 v2.0i Standard LaTeX file
LaTeX Font Info:    Redeclaring font encoding T1 on input line 48.
))
(/usr/share/texlive/texmf-dist/tex/latex/base/inputenc.sty
Package: inputenc 2015/03/17 v1.2c Input encoding file
\inpenc@prehook=\toks14
\inpenc@posthook=\toks15

(/usr/share/texlive/texmf-dist/tex/latex/base/latin1.def
File: latin1.def 2015/03/17 v1.2c Input encoding file
))
(/usr/share/texlive/texmf-dist/tex/latex/a4wide/a4wide.sty
Package: a4wide 1994/08/30

(/usr/share/texlive/texmf-dist/tex/latex/ntgclass/a4.sty
Package: a4 2004/04/15 v1.2g A4 based page layout
))
(/usr/share/texlive/texmf-dist/tex/latex/graphics/graphicx.sty
Package: graphicx 2017/06/01 v1.1a Enhanced LaTeX Graphics (DPC,SPQR)

(/usr/share/texlive/texmf-dist/tex/latex/graphics/keyval.sty
Package: keyval 2014/10/28 v1.15 key=value parser (DPC)
\KV@toks@=\toks16
)
(/usr/share/texlive/texmf-dist/tex/latex/graphics/graphics.sty
Package: graphics 2017/06/25 v1.2c Standard LaTeX Graphics (DPC,SPQR)

(/usr/share/texlive/texmf-dist/tex/latex/graphics/trig.sty
Package: trig 2016/01/03 v1.10 sin cos tan (DPC)
)
(/usr/share/texlive/texmf-dist/tex/latex/graphics-cfg/graphics.cfg
File: graphics.cfg 2016/06/04 v1.11 sample graphics configuration
)
Package graphics Info: Driver file: pdftex.def on input line 99.

(/usr/share/texlive/texmf-dist/tex/latex/graphics-def/pdftex.def
File: pdftex.def 2018/01/08 v1.0l Graphics/color driver for pdftex
))
\Gin@req@height=\dimen103
\Gin@req@width=\dimen104
)
(/usr/share/texlive/texmf-dist/tex/latex/amsfonts/amssymb.sty
Package: amssymb 2013/01/14 v3.01 AMS font symbols

(/usr/share/texlive/texmf-dist/tex/latex/amsfonts/amsfonts.sty
Package: amsfonts 2013/01/14 v3.01 Basic AMSFonts support
\@emptytoks=\toks17
\symAMSa=\mathgroup4
\symAMSb=\mathgroup5
LaTeX Font Info:    Overwriting math alphabet `\mathfrak' in version `bold'
(Font)                  U/euf/m/n --> U/euf/b/n on input line 106.
))
(/usr/share/texlive/texmf-dist/tex/latex/graphics/color.sty
Package: color 2016/07/10 v1.1e Standard LaTeX Color (DPC)

(/usr/share/texlive/texmf-dist/tex/latex/graphics-cfg/color.cfg
File: color.cfg 2016/01/02 v1.6 sample color configuration
)
Package color Info: Driver file: pdftex.def on input line 147.
)
(/usr/share/texlive/texmf-dist/tex/generic/babel/babel.sty
Package: babel 2018/02/14 3.18 The Babel package

(/usr/share/texlive/texmf-dist/tex/generic/babel/switch.def
File: switch.def 2018/02/14 3.18 Babel switching mechanism
)
(/usr/share/texlive/texmf-dist/tex/generic/babel-french/frenchb.ldf
Language: frenchb 2018/02/04 v3.4b French support from the babel system


Package babel-french Warning: Option `frenchb' for Babel is *deprecated*,
(babel-french)                it might be removed sooner or later. Please
(babel-french)                use `french' instead; reported on input line 35.

(/usr/share/texlive/texmf-dist/tex/generic/babel-french/french.ldf
Language: french 2018/02/04 v3.4b French support from the babel system

(/usr/share/texlive/texmf-dist/tex/generic/babel/babel.def
File: babel.def 2018/02/14 3.18 Babel common definitions
\babel@savecnt=\count87
\U@D=\dimen105

(/usr/share/texlive/texmf-dist/tex/generic/babel/txtbabel.def)
\bbl@dirlevel=\count88
)
\l@acadian = a dialect from \language\l@french 
\FB@nonchar=\count89
Package babel Info: Making : an active character on input line 411.
Package babel Info: Making ; an active character on input line 412.
Package babel Info: Making ! an active character on input line 413.
Package babel Info: Making ? an active character on input line 414.
\FBguill@level=\count90
\FB@everypar=\toks18
\FB@Mht=\dimen106
\mc@charclass=\count91
\mc@charfam=\count92
\mc@charslot=\count93
\std@mcc=\count94
\dec@mcc=\count95
\c@FBcaption@count=\count96
\listindentFB=\skip43
\descindentFB=\skip44
\labelwidthFB=\skip45
\leftmarginFB=\skip46
\parindentFFN=\dimen107
\FBfnindent=\skip47
)))
(/usr/share/texlive/texmf-dist/tex/latex/carlisle/scalefnt.sty)
(./exemple_rapport.aux)
\openout1 = `exemple_rapport.aux'.

LaTeX Font Info:    Checking defaults for OML/cmm/m/it on input line 10.
LaTeX Font Info:    ... okay on input line 10.
LaTeX Font Info:    Checking defaults for T1/cmr/m/n on input line 10.
LaTeX Font Info:    ... okay on input line 10.
LaTeX Font Info:    Checking defaults for OT1/cmr/m/n on input line 10.
LaTeX Font Info:    ... okay on input line 10.
LaTeX Font Info:    Checking defaults for OMS/cmsy/m/n on input line 10.
LaTeX Font Info:    ... okay on input line 10.
LaTeX Font Info:    Checking defaults for OMX/cmex/m/n on input line 10.
LaTeX Font Info:    ... okay on input line 10.
LaTeX Font Info:    Checking defaults for U/cmr/m/n on input line 10.
LaTeX Font Info:    ... okay on input line 10.

(/usr/share/texlive/texmf-dist/tex/context/base/mkii/supp-pdf.mkii
[Loading MPS to PDF converter (version 2006.09.02).]
\scratchcounter=\count97
\scratchdimen=\dimen108
\scratchbox=\box26
\nofMPsegments=\count98
\nofMParguments=\count99
\everyMPshowfont=\toks19
\MPscratchCnt=\count100
\MPscratchDim=\dimen109
\MPnumerator=\count101
\makeMPintoPDFobject=\count102
\everyMPtoPDFconversion=\toks20
) (/usr/share/texlive/texmf-dist/tex/latex/oberdiek/epstopdf-base.sty
Package: epstopdf-base 2016/05/15 v2.6 Base part for package epstopdf

(/usr/share/texlive/texmf-dist/tex/generic/oberdiek/infwarerr.sty
Package: infwarerr 2016/05/16 v1.4 Providing info/warning/error messages (HO)
)
(/usr/share/texlive/texmf-dist/tex/latex/oberdiek/grfext.sty
Package: grfext 2016/05/16 v1.2 Manage graphics extensions (HO)

(/usr/share/texlive/texmf-dist/tex/generic/oberdiek/kvdefinekeys.sty
Package: kvdefinekeys 2016/05/16 v1.4 Define keys (HO)

(/usr/share/texlive/texmf-dist/tex/generic/oberdiek/ltxcmds.sty
Package: ltxcmds 2016/05/16 v1.23 LaTeX kernel commands for general use (HO)
)))
(/usr/share/texlive/texmf-dist/tex/latex/oberdiek/kvoptions.sty
Package: kvoptions 2016/05/16 v3.12 Key value format for package options (HO)

(/usr/share/texlive/texmf-dist/tex/generic/oberdiek/kvsetkeys.sty
Package: kvsetkeys 2016/05/16 v1.17 Key value parser (HO)

(/usr/share/texlive/texmf-dist/tex/generic/oberdiek/etexcmds.sty
Package: etexcmds 2016/05/16 v1.6 Avoid name clashes with e-TeX commands (HO)

(/usr/share/texlive/texmf-dist/tex/generic/oberdiek/ifluatex.sty
Package: ifluatex 2016/05/16 v1.4 Provides the ifluatex switch (HO)
Package ifluatex Info: LuaTeX not detected.
)
Package etexcmds Info: Could not find \expanded.
(etexcmds)             That can mean that you are not using pdfTeX 1.50 or
(etexcmds)             that some package has redefined \expanded.
(etexcmds)             In the latter case, load this package earlier.
)))
(/usr/share/texlive/texmf-dist/tex/generic/oberdiek/pdftexcmds.sty
Package: pdftexcmds 2018/01/21 v0.26 Utility functions of pdfTeX for LuaTeX (HO
)

(/usr/share/texlive/texmf-dist/tex/generic/oberdiek/ifpdf.sty
Package: ifpdf 2017/03/15 v3.2 Provides the ifpdf switch
)
Package pdftexcmds Info: LuaTeX not detected.
Package pdftexcmds Info: \pdf@primitive is available.
Package pdftexcmds Info: \pdf@ifprimitive is available.
Package pdftexcmds Info: \pdfdraftmode found.
)
Package epstopdf-base Info: Redefining graphics rule for `.eps' on input line 4
38.
Package grfext Info: Graphics extension search list:
(grfext)             [.pdf,.png,.jpg,.mps,.jpeg,.jbig2,.jb2,.PDF,.PNG,.JPG,.JPE
G,.JBIG2,.JB2,.eps]
(grfext)             \AppendGraphicsExtensions on input line 456.

(/usr/share/texlive/texmf-dist/tex/latex/latexconfig/epstopdf-sys.cfg
File: epstopdf-sys.cfg 2010/07/13 v1.3 Configuration of (r)epstopdf for TeX Liv
e
))
LaTeX Info: Redefining \degres on input line 10.
LaTeX Info: Redefining \dots on input line 10.
LaTeX Info: Redefining \up on input line 10.
<inp_n7.png, id=1, 428.35031pt x 69.25874pt>
File: inp_n7.png Graphic file (type png)
<use inp_n7.png>
Package pdftex.def Info: inp_n7.png  used on input line 14.
(pdftex.def)             Requested size: 142.26378pt x 23.00233pt.
LaTeX Font Info:    Try loading font information for U+msa on input line 22.

(/usr/share/texlive/texmf-dist/tex/latex/amsfonts/umsa.fd
File: umsa.fd 2013/01/14 v3.01 AMS symbols A
)
LaTeX Font Info:    Try loading font information for U+msb on input line 22.

(/usr/share/texlive/texmf-dist/tex/latex/amsfonts/umsb.fd
File: umsb.fd 2013/01/14 v3.01 AMS symbols B
) [1

{/var/lib/texmf/fonts/map/pdftex/updmap/pdftex.map} <./inp_n7.png>] (./exemple_
rapport.toc)
\tf@toc=\write3
\openout3 = `exemple_rapport.toc'.


(./exemple_rapport.lof)
\tf@lof=\write4
\openout4 = `exemple_rapport.lof'.

 [2]
<MF_TDMA_recu.png, id=18, 695.59875pt x 248.42813pt>
File: MF_TDMA_recu.png Graphic file (type png)
<use MF_TDMA_recu.png>
Package pdftex.def Info: MF_TDMA_recu.png  used on input line 37.
(pdftex.def)             Requested size: 426.79134pt x 152.42416pt.

Overfull \hbox (2.2051pt too wide) in paragraph at lines 37--38
 [][] 
 []


LaTeX Warning: Command \` invalid in math mode on input line 45.

Missing character: There is no è in font cmr7!

LaTeX Warning: Command \` invalid in math mode on input line 46.

Missing character: There is no è in font cmr7!
[3 <./MF_TDMA_recu.png>] [4]
<trace_m1.png, id=36, 558.085pt x 424.58624pt>
File: trace_m1.png Graphic file (type png)
<use trace_m1.png>
Package pdftex.def Info: trace_m1.png  used on input line 105.
(pdftex.def)             Requested size: 426.79134pt x 324.71024pt.

Overfull \hbox (2.2051pt too wide) in paragraph at lines 105--107
 [][] 
 []

[5 <./trace_m1.png>]
<trace_m2.png, id=40, 557.08125pt x 416.55624pt>
File: trace_m2.png Graphic file (type png)
<use trace_m2.png>
Package pdftex.def Info: trace_m2.png  used on input line 114.
(pdftex.def)             Requested size: 426.79134pt x 319.14119pt.

Overfull \hbox (2.2051pt too wide) in paragraph at lines 114--116
 [][] 
 []

[6 <./trace_m2.png>]
<dspm1.png, id=44, 563.10374pt x 428.60126pt>
File: dspm1.png Graphic file (type png)
<use dspm1.png>
Package pdftex.def Info: dspm1.png  used on input line 123.
(pdftex.def)             Requested size: 426.79134pt x 324.8509pt.

Overfull \hbox (2.2051pt too wide) in paragraph at lines 123--125
 [][] 
 []

[7 <./dspm1.png>]
<dspm2.png, id=49, 561.09625pt x 422.57875pt>
File: dspm2.png Graphic file (type png)
<use dspm2.png>
Package pdftex.def Info: dspm2.png  used on input line 132.
(pdftex.def)             Requested size: 426.79134pt x 321.42755pt.

Overfull \hbox (2.2051pt too wide) in paragraph at lines 132--134
 [][] 
 []

[8 <./dspm2.png>]
<x1.png, id=53, 561.09625pt x 421.575pt>
File: x1.png Graphic file (type png)
<use x1.png>
Package pdftex.def Info: x1.png  used on input line 147.
(pdftex.def)             Requested size: 426.79134pt x 320.66406pt.

Overfull \hbox (2.2051pt too wide) in paragraph at lines 147--149
 [][] 
 []

[9 <./x1.png>]
<x2.png, id=57, 559.08875pt x 418.56375pt>
File: x2.png Graphic file (type png)
<use x2.png>
Package pdftex.def Info: x2.png  used on input line 156.
(pdftex.def)             Requested size: 426.79134pt x 319.5296pt.

Overfull \hbox (2.2051pt too wide) in paragraph at lines 156--158
 [][] 
 []

[10 <./x2.png>]
<x.png, id=61, 558.085pt x 419.5675pt>
File: x.png Graphic file (type png)
<use x.png>
Package pdftex.def Info: x.png  used on input line 167.
(pdftex.def)             Requested size: 426.79134pt x 320.87206pt.

Overfull \hbox (2.2051pt too wide) in paragraph at lines 167--169
 [][] 
 []

[11 <./x.png>]
<xbruite.png, id=65, 563.10374pt x 425.59pt>
File: xbruite.png Graphic file (type png)
<use xbruite.png>
Package pdftex.def Info: xbruite.png  used on input line 176.
(pdftex.def)             Requested size: 426.79134pt x 322.56857pt.

Overfull \hbox (2.2051pt too wide) in paragraph at lines 176--178
 [][] 
 []


Underfull \hbox (badness 10000) in paragraph at lines 181--182

 []

[12 <./xbruite.png>]
<dspx.png, id=69, 560.0925pt x 419.5675pt>
File: dspx.png Graphic file (type png)
<use dspx.png>
Package pdftex.def Info: dspx.png  used on input line 189.
(pdftex.def)             Requested size: 426.79134pt x 319.72607pt.

Overfull \hbox (2.2051pt too wide) in paragraph at lines 189--191
 [][] 
 []

<recepteur.png, id=70, 721.94719pt x 147.55125pt>
File: recepteur.png Graphic file (type png)
<use recepteur.png>
Package pdftex.def Info: recepteur.png  used on input line 202.
(pdftex.def)             Requested size: 426.79134pt x 87.22783pt.

Overfull \hbox (2.2051pt too wide) in paragraph at lines 202--203
 [][] 
 []

[13 <./dspx.png> <./recepteur.png>]
<repImpPasseBas.png, id=76, 559.08875pt x 421.575pt>
File: repImpPasseBas.png Graphic file (type png)
<use repImpPasseBas.png>
Package pdftex.def Info: repImpPasseBas.png  used on input line 220.
(pdftex.def)             Requested size: 426.79134pt x 321.82838pt.

Overfull \hbox (2.2051pt too wide) in paragraph at lines 220--221
 [][] 
 []

[14 <./repImpPasseBas.png>]
<passeBas.png, id=80, 562.1pt x 423.5825pt>
File: passeBas.png Graphic file (type png)
<use passeBas.png>
Package pdftex.def Info: passeBas.png  used on input line 228.
(pdftex.def)             Requested size: 426.79134pt x 321.6158pt.

Overfull \hbox (2.2051pt too wide) in paragraph at lines 228--229
 [][] 
 []

[15 <./passeBas.png>]
<dspPB.png, id=84, 562.1pt x 421.575pt>
File: dspPB.png Graphic file (type png)
<use dspPB.png>
Package pdftex.def Info: dspPB.png  used on input line 238.
(pdftex.def)             Requested size: 426.79134pt x 320.09155pt.

Overfull \hbox (2.2051pt too wide) in paragraph at lines 238--239
 [][] 
 []

[16 <./dspPB.png>]
<RIPH.png, id=88, 562.1pt x 422.57875pt>
File: RIPH.png Graphic file (type png)
<use RIPH.png>
Package pdftex.def Info: RIPH.png  used on input line 258.
(pdftex.def)             Requested size: 426.79134pt x 320.85367pt.

Overfull \hbox (2.2051pt too wide) in paragraph at lines 258--259
 [][] 
 []

[17 <./RIPH.png>]
<FPH.png, id=92, 555.07375pt x 419.5675pt>
File: FPH.png Graphic file (type png)
<use FPH.png>
Package pdftex.def Info: FPH.png  used on input line 265.
(pdftex.def)             Requested size: 426.79134pt x 322.60701pt.

Overfull \hbox (2.2051pt too wide) in paragraph at lines 265--266
 [][] 
 []

[18 <./FPH.png>]
<dspPH.png, id=96, 561.09625pt x 424.58624pt>
File: dspPH.png Graphic file (type png)
<use dspPH.png>
Package pdftex.def Info: dspPH.png  used on input line 274.
(pdftex.def)             Requested size: 426.79134pt x 322.95451pt.

Overfull \hbox (2.2051pt too wide) in paragraph at lines 274--275
 [][] 
 []

[19 <./dspPH.png>]
<xFPB.png, id=101, 544.0325pt x 416.55624pt>
File: xFPB.png Graphic file (type png)
<use xFPB.png>
Package pdftex.def Info: xFPB.png  used on input line 289.
(pdftex.def)             Requested size: 426.79134pt x 326.80032pt.

Overfull \hbox (2.2051pt too wide) in paragraph at lines 289--290
 [][] 
 []

[20 <./xFPB.png>]
<xFPH.png, id=105, 563.10374pt x 421.575pt>
File: xFPH.png Graphic file (type png)
<use xFPH.png>
Package pdftex.def Info: xFPH.png  used on input line 296.
(pdftex.def)             Requested size: 426.79134pt x 319.52547pt.

Overfull \hbox (2.2051pt too wide) in paragraph at lines 296--297
 [][] 
 []

[21 <./xFPH.png>]
<xbbFPB.png, id=109, 562.1pt x 419.5675pt>
File: xbbFPB.png Graphic file (type png)
<use xbbFPB.png>
Package pdftex.def Info: xbbFPB.png  used on input line 305.
(pdftex.def)             Requested size: 426.79134pt x 318.5673pt.

Overfull \hbox (2.2051pt too wide) in paragraph at lines 305--306
 [][] 
 []

[22 <./xbbFPB.png>]
<xbbFPH.png, id=113, 556.0775pt x 420.57124pt>
File: xbbFPH.png Graphic file (type png)
<use xbbFPH.png>
Package pdftex.def Info: xbbFPH.png  used on input line 312.
(pdftex.def)             Requested size: 426.79134pt x 322.79483pt.

Overfull \hbox (2.2051pt too wide) in paragraph at lines 312--313
 [][] 
 []

[23 <./xbbFPH.png>] (./exemple_rapport.aux) ) 
Here is how much of TeX's memory you used:
 3444 strings out of 492982
 47412 string characters out of 6134896
 112828 words of memory out of 5000000
 6916 multiletter control sequences out of 15000+600000
 17510 words of font info for 50 fonts, out of 8000000 for 9000
 1141 hyphenation exceptions out of 8191
 41i,7n,30p,404b,423s stack positions out of 5000i,500n,10000p,200000b,80000s
{/usr/share/texmf/fonts/enc/dvips/
cm-super/cm-super-t1.enc}</usr/share/texlive/texmf-dist/fonts/type1/public/amsf
onts/cm/cmmi10.pfb></usr/share/texlive/texmf-dist/fonts/type1/public/amsfonts/c
m/cmmi5.pfb></usr/share/texlive/texmf-dist/fonts/type1/public/amsfonts/cm/cmmi7
.pfb></usr/share/texlive/texmf-dist/fonts/type1/public/amsfonts/cm/cmr10.pfb></
usr/share/texlive/texmf-dist/fonts/type1/public/amsfonts/cm/cmr5.pfb></usr/shar
e/texlive/texmf-dist/fonts/type1/public/amsfonts/cm/cmr7.pfb></usr/share/texliv
e/texmf-dist/fonts/type1/public/amsfonts/cm/cmsy10.pfb></usr/share/texlive/texm
f-dist/fonts/type1/public/amsfonts/cm/cmsy5.pfb></usr/share/texlive/texmf-dist/
fonts/type1/public/amsfonts/cm/cmsy7.pfb></usr/share/texmf/fonts/type1/public/c
m-super/sfbx1000.pfb></usr/share/texmf/fonts/type1/public/cm-super/sfbx1200.pfb
></usr/share/texmf/fonts/type1/public/cm-super/sfbx1440.pfb></usr/share/texmf/f
onts/type1/public/cm-super/sfbx1728.pfb></usr/share/texmf/fonts/type1/public/cm
-super/sfcc1000.pfb></usr/share/texmf/fonts/type1/public/cm-super/sfrm1000.pfb>
</usr/share/texmf/fonts/type1/public/cm-super/sfrm1200.pfb></usr/share/texmf/fo
nts/type1/public/cm-super/sfti1000.pfb>
Output written on exemple_rapport.pdf (23 pages, 506765 bytes).
PDF statistics:
 174 PDF objects out of 1000 (max. 8388607)
 105 compressed objects within 2 object streams
 0 named destinations out of 1000 (max. 500000)
 111 words of extra memory for PDF output out of 10000 (max. 10000000)

